# JRE version: Java(TM) SE Runtime Environment (17.0.7+8) (build 17.0.7+8-LTS-224)
# Java VM: Java HotSpot(TM) 64-Bit Server VM (17.0.7+8-LTS-224, mixed mode, sharing, tiered, compressed oops, compressed class ptrs, g1 gc, windows-amd64)
GC Precious Log:
 CPUs: 8 total, 8 available
 Memory: 7914M
 Large Page Support: Disabled
 NUMA Support: Disabled
 Compressed Oops: Enabled (32-bit)
 Heap Region Size: 1M
 Heap Min Capacity: 8M
 Heap Initial Capacity: 124M
 Heap Max Capacity: 1980M
 Pre-touch: Disabled
 Parallel Workers: 8
 Concurrent Workers: 2
 Concurrent Refinement Workers: 8
 Periodic GC: Disabled
Heap:
 garbage-first heap   total 201728K, used 136745K [0x0000000084400000, 0x0000000100000000)
  region size 1024K, 95 young (97280K), 5 survivors (5120K)
 Metaspace       used 26975K, committed 27264K, reserved 1081344K
  class space    used 2962K, committed 3136K, reserved 1048576K
GC Heap History (18 events):
Event: 1.068 GC heap before
{Heap before GC invocations=0 (full 0):
 garbage-first heap   total 126976K, used 22528K [0x0000000084400000, 0x0000000100000000)
  region size 1024K, 23 young (23552K), 0 survivors (0K)
 Metaspace       used 5784K, committed 6016K, reserved 1056768K
  class space    used 662K, committed 768K, reserved 1048576K
}
Event: 1.073 GC heap after
{Heap after GC invocations=1 (full 0):
 garbage-first heap   total 126976K, used 4160K [0x0000000084400000, 0x0000000100000000)
  region size 1024K, 3 young (3072K), 3 survivors (3072K)
 Metaspace       used 5784K, committed 6016K, reserved 1056768K
  class space    used 662K, committed 768K, reserved 1048576K
}
Event: 1.442 GC heap before
{Heap before GC invocations=1 (full 0):
 garbage-first heap   total 126976K, used 33856K [0x0000000084400000, 0x0000000100000000)
  region size 1024K, 32 young (32768K), 3 survivors (3072K)
 Metaspace       used 10368K, committed 10560K, reserved 1064960K
  class space    used 1255K, committed 1344K, reserved 1048576K
}
Event: 1.450 GC heap after
{Heap after GC invocations=2 (full 0):
 garbage-first heap   total 126976K, used 6028K [0x0000000084400000, 0x0000000100000000)
  region size 1024K, 2 young (2048K), 2 survivors (2048K)
 Metaspace       used 10368K, committed 10560K, reserved 1064960K
  class space    used 1255K, committed 1344K, reserved 1048576K
}
Event: 3.590 GC heap before
{Heap before GC invocations=2 (full 0):
 garbage-first heap   total 126976K, used 79756K [0x0000000084400000, 0x0000000100000000)
  region size 1024K, 74 young (75776K), 2 survivors (2048K)
 Metaspace       used 13492K, committed 13696K, reserved 1064960K
  class space    used 1520K, committed 1664K, reserved 1048576K
}
Event: 3.603 GC heap after
{Heap after GC invocations=3 (full 0):
 garbage-first heap   total 126976K, used 12969K [0x0000000084400000, 0x0000000100000000)
  region size 1024K, 9 young (9216K), 9 survivors (9216K)
 Metaspace       used 13492K, committed 13696K, reserved 1064960K
  class space    used 1520K, committed 1664K, reserved 1048576K
}
Event: 4.606 GC heap before
{Heap before GC invocations=3 (full 0):
 garbage-first heap   total 126976K, used 63145K [0x0000000084400000, 0x0000000100000000)
  region size 1024K, 55 young (56320K), 9 survivors (9216K)
 Metaspace       used 21312K, committed 21504K, reserved 1073152K
  class space    used 2451K, committed 2560K, reserved 1048576K
}
Event: 4.626 GC heap after
{Heap after GC invocations=4 (full 0):
 garbage-first heap   total 126976K, used 22811K [0x0000000084400000, 0x0000000100000000)
  region size 1024K, 7 young (7168K), 7 survivors (7168K)
 Metaspace       used 21312K, committed 21504K, reserved 1073152K
  class space    used 2451K, committed 2560K, reserved 1048576K
}
Event: 5.042 GC heap before
{Heap before GC invocations=5 (full 0):
 garbage-first heap   total 81920K, used 63771K [0x0000000084400000, 0x0000000100000000)
  region size 1024K, 46 young (47104K), 7 survivors (7168K)
 Metaspace       used 23515K, committed 23744K, reserved 1073152K
  class space    used 2654K, committed 2752K, reserved 1048576K
}
Event: 5.062 GC heap after
{Heap after GC invocations=6 (full 0):
 garbage-first heap   total 84992K, used 35611K [0x0000000084400000, 0x0000000100000000)
  region size 1024K, 6 young (6144K), 6 survivors (6144K)
 Metaspace       used 23515K, committed 23744K, reserved 1073152K
  class space    used 2654K, committed 2752K, reserved 1048576K
}
Event: 5.065 GC heap before
{Heap before GC invocations=6 (full 0):
 garbage-first heap   total 84992K, used 36635K [0x0000000084400000, 0x0000000100000000)
  region size 1024K, 7 young (7168K), 6 survivors (6144K)
 Metaspace       used 23516K, committed 23744K, reserved 1073152K
  class space    used 2654K, committed 2752K, reserved 1048576K
}
Event: 5.072 GC heap after
{Heap after GC invocations=7 (full 0):
 garbage-first heap   total 84992K, used 36864K [0x0000000084400000, 0x0000000100000000)
  region size 1024K, 1 young (1024K), 1 survivors (1024K)
 Metaspace       used 23516K, committed 23744K, reserved 1073152K
  class space    used 2654K, committed 2752K, reserved 1048576K
}
Event: 5.316 GC heap before
{Heap before GC invocations=7 (full 0):
 garbage-first heap   total 84992K, used 61440K [0x0000000084400000, 0x0000000100000000)
  region size 1024K, 25 young (25600K), 1 survivors (1024K)
 Metaspace       used 24293K, committed 24512K, reserved 1073152K
  class space    used 2699K, committed 2816K, reserved 1048576K
}
Event: 5.323 GC heap after
{Heap after GC invocations=8 (full 0):
 garbage-first heap   total 84992K, used 40402K [0x0000000084400000, 0x0000000100000000)
  region size 1024K, 4 young (4096K), 4 survivors (4096K)
 Metaspace       used 24293K, committed 24512K, reserved 1073152K
  class space    used 2699K, committed 2816K, reserved 1048576K
}
Event: 5.568 GC heap before
{Heap before GC invocations=8 (full 0):
 garbage-first heap   total 84992K, used 60882K [0x0000000084400000, 0x0000000100000000)
  region size 1024K, 25 young (25600K), 4 survivors (4096K)
 Metaspace       used 25616K, committed 25856K, reserved 1073152K
  class space    used 2851K, committed 3008K, reserved 1048576K
}
Event: 5.574 GC heap after
{Heap after GC invocations=9 (full 0):
 garbage-first heap   total 201728K, used 41343K [0x0000000084400000, 0x0000000100000000)
  region size 1024K, 1 young (1024K), 1 survivors (1024K)
 Metaspace       used 25616K, committed 25856K, reserved 1073152K
  class space    used 2851K, committed 3008K, reserved 1048576K
}
Event: 6.085 GC heap before
{Heap before GC invocations=9 (full 0):
 garbage-first heap   total 201728K, used 136575K [0x0000000084400000, 0x0000000100000000)
  region size 1024K, 94 young (96256K), 1 survivors (1024K)
 Metaspace       used 26846K, committed 27136K, reserved 1073152K
  class space    used 2960K, committed 3136K, reserved 1048576K
}
Event: 6.093 GC heap after
{Heap after GC invocations=10 (full 0):
 garbage-first heap   total 201728K, used 45609K [0x0000000084400000, 0x0000000100000000)
  region size 1024K, 5 young (5120K), 5 survivors (5120K)
 Metaspace       used 26846K, committed 27136K, reserved 1073152K
  class space    used 2960K, committed 3136K, reserved 1048576K
}

