# JRE version: Java(TM) SE Runtime Environment (17.0.7+8) (build 17.0.7+8-LTS-224)
# Java VM: Java HotSpot(TM) 64-Bit Server VM (17.0.7+8-LTS-224, mixed mode, sharing, tiered, compressed oops, compressed class ptrs, g1 gc, windows-amd64)
GC Precious Log:
 CPUs: 8 total, 8 available
 Memory: 7914M
 Large Page Support: Disabled
 NUMA Support: Disabled
 Compressed Oops: Enabled (32-bit)
 Heap Region Size: 1M
 Heap Min Capacity: 8M
 Heap Initial Capacity: 124M
 Heap Max Capacity: 1980M
 Pre-touch: Disabled
 Parallel Workers: 8
 Concurrent Workers: 2
 Concurrent Refinement Workers: 8
 Periodic GC: Disabled
Heap:
 garbage-first heap   total 110592K, used 51615K [0x0000000084400000, 0x0000000100000000)
  region size 1024K, 12 young (12288K), 3 survivors (3072K)
 Metaspace       used 28718K, committed 29056K, reserved 1081344K
  class space    used 3258K, committed 3456K, reserved 1048576K
GC Heap History (14 events):
Event: 0.623 GC heap before
{Heap before GC invocations=0 (full 0):
 garbage-first heap   total 126976K, used 22528K [0x0000000084400000, 0x0000000100000000)
  region size 1024K, 23 young (23552K), 0 survivors (0K)
 Metaspace       used 5678K, committed 5824K, reserved 1056768K
  class space    used 656K, committed 704K, reserved 1048576K
}
Event: 0.630 GC heap after
{Heap after GC invocations=1 (full 0):
 garbage-first heap   total 126976K, used 3995K [0x0000000084400000, 0x0000000100000000)
  region size 1024K, 3 young (3072K), 3 survivors (3072K)
 Metaspace       used 5678K, committed 5824K, reserved 1056768K
  class space    used 656K, committed 704K, reserved 1048576K
}
Event: 1.085 GC heap before
{Heap before GC invocations=1 (full 0):
 garbage-first heap   total 126976K, used 34715K [0x0000000084400000, 0x0000000100000000)
  region size 1024K, 33 young (33792K), 3 survivors (3072K)
 Metaspace       used 10443K, committed 10624K, reserved 1064960K
  class space    used 1261K, committed 1344K, reserved 1048576K
}
Event: 1.093 GC heap after
{Heap after GC invocations=2 (full 0):
 garbage-first heap   total 126976K, used 6427K [0x0000000084400000, 0x0000000100000000)
  region size 1024K, 3 young (3072K), 3 survivors (3072K)
 Metaspace       used 10443K, committed 10624K, reserved 1064960K
  class space    used 1261K, committed 1344K, reserved 1048576K
}
Event: 1.846 GC heap before
{Heap before GC invocations=2 (full 0):
 garbage-first heap   total 126976K, used 79131K [0x0000000084400000, 0x0000000100000000)
  region size 1024K, 74 young (75776K), 3 survivors (3072K)
 Metaspace       used 13443K, committed 13632K, reserved 1064960K
  class space    used 1520K, committed 1664K, reserved 1048576K
}
Event: 1.862 GC heap after
{Heap after GC invocations=3 (full 0):
 garbage-first heap   total 126976K, used 13113K [0x0000000084400000, 0x0000000100000000)
  region size 1024K, 9 young (9216K), 9 survivors (9216K)
 Metaspace       used 13443K, committed 13632K, reserved 1064960K
  class space    used 1520K, committed 1664K, reserved 1048576K
}
Event: 2.605 GC heap before
{Heap before GC invocations=3 (full 0):
 garbage-first heap   total 126976K, used 65337K [0x0000000084400000, 0x0000000100000000)
  region size 1024K, 57 young (58368K), 9 survivors (9216K)
 Metaspace       used 21255K, committed 21504K, reserved 1073152K
  class space    used 2429K, committed 2560K, reserved 1048576K
}
Event: 2.621 GC heap after
{Heap after GC invocations=4 (full 0):
 garbage-first heap   total 126976K, used 23086K [0x0000000084400000, 0x0000000100000000)
  region size 1024K, 7 young (7168K), 7 survivors (7168K)
 Metaspace       used 21255K, committed 21504K, reserved 1073152K
  class space    used 2429K, committed 2560K, reserved 1048576K
}
Event: 3.049 GC heap before
{Heap before GC invocations=5 (full 0):
 garbage-first heap   total 86016K, used 66094K [0x0000000084400000, 0x0000000100000000)
  region size 1024K, 49 young (50176K), 7 survivors (7168K)
 Metaspace       used 23233K, committed 23488K, reserved 1073152K
  class space    used 2651K, committed 2752K, reserved 1048576K
}
Event: 3.069 GC heap after
{Heap after GC invocations=6 (full 0):
 garbage-first heap   total 110592K, used 38446K [0x0000000084400000, 0x0000000100000000)
  region size 1024K, 7 young (7168K), 7 survivors (7168K)
 Metaspace       used 23233K, committed 23488K, reserved 1073152K
  class space    used 2651K, committed 2752K, reserved 1048576K
}
Event: 3.599 GC heap before
{Heap before GC invocations=6 (full 0):
 garbage-first heap   total 110592K, used 74286K [0x0000000084400000, 0x0000000100000000)
  region size 1024K, 43 young (44032K), 7 survivors (7168K)
 Metaspace       used 25417K, committed 25792K, reserved 1073152K
  class space    used 2893K, committed 3072K, reserved 1048576K
}
Event: 3.612 GC heap after
{Heap after GC invocations=7 (full 0):
 garbage-first heap   total 110592K, used 42542K [0x0000000084400000, 0x0000000100000000)
  region size 1024K, 4 young (4096K), 4 survivors (4096K)
 Metaspace       used 25417K, committed 25792K, reserved 1073152K
  class space    used 2893K, committed 3072K, reserved 1048576K
}
Event: 4.205 GC heap before
{Heap before GC invocations=7 (full 0):
 garbage-first heap   total 110592K, used 78382K [0x0000000084400000, 0x0000000100000000)
  region size 1024K, 39 young (39936K), 4 survivors (4096K)
 Metaspace       used 27457K, committed 27840K, reserved 1081344K
  class space    used 3090K, committed 3264K, reserved 1048576K
}
Event: 4.213 GC heap after
{Heap after GC invocations=8 (full 0):
 garbage-first heap   total 110592K, used 43423K [0x0000000084400000, 0x0000000100000000)
  region size 1024K, 3 young (3072K), 3 survivors (3072K)
 Metaspace       used 27457K, committed 27840K, reserved 1081344K
  class space    used 3090K, committed 3264K, reserved 1048576K
}

